2021-03-09 08:57:09.520 [main] INFO  Application - Autoreload is disabled because the development mode is off.
2021-03-09 08:57:09.984 [main] INFO  [Koin] - loaded 4 definitions - 3.415488 ms
2021-03-09 08:57:10.007 [main] DEBUG com.zaxxer.hikari.HikariConfig - Driver class com.mysql.cj.jdbc.Driver found in Thread context class loader jdk.internal.loader.ClassLoaders$AppClassLoader@2c13da15
2021-03-09 08:57:10.025 [main] DEBUG com.zaxxer.hikari.HikariConfig - HikariPool-1 - configuration:
2021-03-09 08:57:10.046 [main] DEBUG com.zaxxer.hikari.HikariConfig - allowPoolSuspension.............false
2021-03-09 08:57:10.047 [main] DEBUG com.zaxxer.hikari.HikariConfig - autoCommit......................false
2021-03-09 08:57:10.047 [main] DEBUG com.zaxxer.hikari.HikariConfig - catalog.........................none
2021-03-09 08:57:10.048 [main] DEBUG com.zaxxer.hikari.HikariConfig - connectionInitSql...............none
2021-03-09 08:57:10.048 [main] DEBUG com.zaxxer.hikari.HikariConfig - connectionTestQuery.............none
2021-03-09 08:57:10.048 [main] DEBUG com.zaxxer.hikari.HikariConfig - connectionTimeout...............30000
2021-03-09 08:57:10.048 [main] DEBUG com.zaxxer.hikari.HikariConfig - dataSource......................none
2021-03-09 08:57:10.049 [main] DEBUG com.zaxxer.hikari.HikariConfig - dataSourceClassName.............none
2021-03-09 08:57:10.049 [main] DEBUG com.zaxxer.hikari.HikariConfig - dataSourceJNDI..................none
2021-03-09 08:57:10.053 [main] DEBUG com.zaxxer.hikari.HikariConfig - dataSourceProperties............{maintainTimeStats=false, password=<masked>, prepStmtCacheSqlLimit=2048, rewriteBatchedStatements=true, elideSetAutoCommits=true, cachePrepStmts=true, cacheResultSetMetadata=true, prepStmtCacheSize=250, useServerPrepStmts=true, useLocalSessionState=true, cacheServerConfiguration=true}
2021-03-09 08:57:10.053 [main] DEBUG com.zaxxer.hikari.HikariConfig - driverClassName................."com.mysql.cj.jdbc.Driver"
2021-03-09 08:57:10.053 [main] DEBUG com.zaxxer.hikari.HikariConfig - healthCheckProperties...........{}
2021-03-09 08:57:10.053 [main] DEBUG com.zaxxer.hikari.HikariConfig - healthCheckRegistry.............none
2021-03-09 08:57:10.054 [main] DEBUG com.zaxxer.hikari.HikariConfig - idleTimeout.....................600000
2021-03-09 08:57:10.055 [main] DEBUG com.zaxxer.hikari.HikariConfig - initializationFailTimeout.......1
2021-03-09 08:57:10.055 [main] DEBUG com.zaxxer.hikari.HikariConfig - isolateInternalQueries..........false
2021-03-09 08:57:10.057 [main] DEBUG com.zaxxer.hikari.HikariConfig - jdbcUrl.........................jdbc:mysql://localhost:3308/chucknorris?useUnicode=true&characterEncoding=UTF-8
2021-03-09 08:57:10.057 [main] DEBUG com.zaxxer.hikari.HikariConfig - leakDetectionThreshold..........0
2021-03-09 08:57:10.057 [main] DEBUG com.zaxxer.hikari.HikariConfig - maxLifetime.....................1800000
2021-03-09 08:57:10.058 [main] DEBUG com.zaxxer.hikari.HikariConfig - maximumPoolSize.................3
2021-03-09 08:57:10.058 [main] DEBUG com.zaxxer.hikari.HikariConfig - metricRegistry..................none
2021-03-09 08:57:10.058 [main] DEBUG com.zaxxer.hikari.HikariConfig - metricsTrackerFactory...........none
2021-03-09 08:57:10.058 [main] DEBUG com.zaxxer.hikari.HikariConfig - minimumIdle.....................3
2021-03-09 08:57:10.058 [main] DEBUG com.zaxxer.hikari.HikariConfig - password........................<masked>
2021-03-09 08:57:10.059 [main] DEBUG com.zaxxer.hikari.HikariConfig - poolName........................"HikariPool-1"
2021-03-09 08:57:10.059 [main] DEBUG com.zaxxer.hikari.HikariConfig - readOnly........................false
2021-03-09 08:57:10.059 [main] DEBUG com.zaxxer.hikari.HikariConfig - registerMbeans..................false
2021-03-09 08:57:10.060 [main] DEBUG com.zaxxer.hikari.HikariConfig - scheduledExecutor...............none
2021-03-09 08:57:10.060 [main] DEBUG com.zaxxer.hikari.HikariConfig - schema..........................none
2021-03-09 08:57:10.060 [main] DEBUG com.zaxxer.hikari.HikariConfig - threadFactory...................internal
2021-03-09 08:57:10.060 [main] DEBUG com.zaxxer.hikari.HikariConfig - transactionIsolation............"TRANSACTION_REPEATABLE_READ"
2021-03-09 08:57:10.061 [main] DEBUG com.zaxxer.hikari.HikariConfig - username........................"root"
2021-03-09 08:57:10.061 [main] DEBUG com.zaxxer.hikari.HikariConfig - validationTimeout...............5000
2021-03-09 08:57:10.064 [main] DEBUG com.zaxxer.hikari.HikariConfig - HikariPool-1 - configuration:
2021-03-09 08:57:10.066 [main] DEBUG com.zaxxer.hikari.HikariConfig - allowPoolSuspension.............false
2021-03-09 08:57:10.066 [main] DEBUG com.zaxxer.hikari.HikariConfig - autoCommit......................false
2021-03-09 08:57:10.066 [main] DEBUG com.zaxxer.hikari.HikariConfig - catalog.........................none
2021-03-09 08:57:10.067 [main] DEBUG com.zaxxer.hikari.HikariConfig - connectionInitSql...............none
2021-03-09 08:57:10.067 [main] DEBUG com.zaxxer.hikari.HikariConfig - connectionTestQuery.............none
2021-03-09 08:57:10.067 [main] DEBUG com.zaxxer.hikari.HikariConfig - connectionTimeout...............30000
2021-03-09 08:57:10.067 [main] DEBUG com.zaxxer.hikari.HikariConfig - dataSource......................none
2021-03-09 08:57:10.067 [main] DEBUG com.zaxxer.hikari.HikariConfig - dataSourceClassName.............none
2021-03-09 08:57:10.067 [main] DEBUG com.zaxxer.hikari.HikariConfig - dataSourceJNDI..................none
2021-03-09 08:57:10.068 [main] DEBUG com.zaxxer.hikari.HikariConfig - dataSourceProperties............{maintainTimeStats=false, password=<masked>, prepStmtCacheSqlLimit=2048, rewriteBatchedStatements=true, elideSetAutoCommits=true, cachePrepStmts=true, cacheResultSetMetadata=true, prepStmtCacheSize=250, useServerPrepStmts=true, useLocalSessionState=true, cacheServerConfiguration=true}
2021-03-09 08:57:10.068 [main] DEBUG com.zaxxer.hikari.HikariConfig - driverClassName................."com.mysql.cj.jdbc.Driver"
2021-03-09 08:57:10.068 [main] DEBUG com.zaxxer.hikari.HikariConfig - healthCheckProperties...........{}
2021-03-09 08:57:10.068 [main] DEBUG com.zaxxer.hikari.HikariConfig - healthCheckRegistry.............none
2021-03-09 08:57:10.068 [main] DEBUG com.zaxxer.hikari.HikariConfig - idleTimeout.....................600000
2021-03-09 08:57:10.068 [main] DEBUG com.zaxxer.hikari.HikariConfig - initializationFailTimeout.......1
2021-03-09 08:57:10.069 [main] DEBUG com.zaxxer.hikari.HikariConfig - isolateInternalQueries..........false
2021-03-09 08:57:10.069 [main] DEBUG com.zaxxer.hikari.HikariConfig - jdbcUrl.........................jdbc:mysql://localhost:3308/chucknorris?useUnicode=true&characterEncoding=UTF-8
2021-03-09 08:57:10.069 [main] DEBUG com.zaxxer.hikari.HikariConfig - leakDetectionThreshold..........0
2021-03-09 08:57:10.069 [main] DEBUG com.zaxxer.hikari.HikariConfig - maxLifetime.....................1800000
2021-03-09 08:57:10.070 [main] DEBUG com.zaxxer.hikari.HikariConfig - maximumPoolSize.................3
2021-03-09 08:57:10.070 [main] DEBUG com.zaxxer.hikari.HikariConfig - metricRegistry..................none
2021-03-09 08:57:10.070 [main] DEBUG com.zaxxer.hikari.HikariConfig - metricsTrackerFactory...........none
2021-03-09 08:57:10.070 [main] DEBUG com.zaxxer.hikari.HikariConfig - minimumIdle.....................3
2021-03-09 08:57:10.071 [main] DEBUG com.zaxxer.hikari.HikariConfig - password........................<masked>
2021-03-09 08:57:10.071 [main] DEBUG com.zaxxer.hikari.HikariConfig - poolName........................"HikariPool-1"
2021-03-09 08:57:10.071 [main] DEBUG com.zaxxer.hikari.HikariConfig - readOnly........................false
2021-03-09 08:57:10.071 [main] DEBUG com.zaxxer.hikari.HikariConfig - registerMbeans..................false
2021-03-09 08:57:10.071 [main] DEBUG com.zaxxer.hikari.HikariConfig - scheduledExecutor...............none
2021-03-09 08:57:10.072 [main] DEBUG com.zaxxer.hikari.HikariConfig - schema..........................none
2021-03-09 08:57:10.072 [main] DEBUG com.zaxxer.hikari.HikariConfig - threadFactory...................internal
2021-03-09 08:57:10.072 [main] DEBUG com.zaxxer.hikari.HikariConfig - transactionIsolation............"TRANSACTION_REPEATABLE_READ"
2021-03-09 08:57:10.072 [main] DEBUG com.zaxxer.hikari.HikariConfig - username........................"root"
2021-03-09 08:57:10.072 [main] DEBUG com.zaxxer.hikari.HikariConfig - validationTimeout...............5000
2021-03-09 08:57:10.075 [main] INFO  com.zaxxer.hikari.HikariDataSource - HikariPool-1 - Starting...
2021-03-09 08:57:10.973 [main] DEBUG com.zaxxer.hikari.pool.HikariPool - HikariPool-1 - Added connection com.mysql.cj.jdbc.ConnectionImpl@787f32b7
2021-03-09 08:57:10.975 [main] INFO  com.zaxxer.hikari.HikariDataSource - HikariPool-1 - Start completed.
2021-03-09 08:57:11.079 [HikariPool-1 housekeeper] DEBUG com.zaxxer.hikari.pool.HikariPool - HikariPool-1 - Pool stats (total=1, active=0, idle=1, waiting=0)
2021-03-09 08:57:11.124 [main] INFO  Application - Responding at http://0.0.0.0:8080
2021-03-09 08:57:11.125 [main] INFO  Application - Application started: io.ktor.application.Application@68fe48d7
2021-03-09 08:57:11.181 [HikariPool-1 connection adder] DEBUG com.zaxxer.hikari.pool.HikariPool - HikariPool-1 - Added connection com.mysql.cj.jdbc.ConnectionImpl@3820ce64
2021-03-09 08:57:11.225 [HikariPool-1 connection adder] DEBUG com.zaxxer.hikari.pool.HikariPool - HikariPool-1 - Added connection com.mysql.cj.jdbc.ConnectionImpl@791dc45f
2021-03-09 08:57:11.226 [HikariPool-1 connection adder] DEBUG com.zaxxer.hikari.pool.HikariPool - HikariPool-1 - After adding stats (total=3, active=0, idle=3, waiting=0)
2021-03-09 08:57:15.715 [eventLoopGroupProxy-4-1] INFO  Application - 200 OK: GET - /
2021-03-09 08:57:16.289 [eventLoopGroupProxy-4-1] INFO  Application - 404 Not Found: GET - /favicon.ico
2021-03-09 08:57:24.170 [eventLoopGroupProxy-4-1] DEBUG c.zaxxer.hikari.pool.ProxyConnection - HikariPool-1 - Executed rollback on connection com.mysql.cj.jdbc.ConnectionImpl@787f32b7 due to dirty commit state on close().
2021-03-09 08:57:24.327 [eventLoopGroupProxy-4-1] DEBUG Exposed - SELECT joke.created_at, joke.updated_at, joke.`value`, joke.joke_id FROM joke
2021-03-09 08:57:24.394 [eventLoopGroupProxy-4-1] INFO  Application - 200 OK: GET - /joke/random
